This file contains any messages produced by compilers while
running configure, to aid debugging if configure makes a mistake.

It was created by configure, which was
generated by GNU Autoconf 2.69.  Invocation command line was

  $ ./configure 

## --------- ##
## Platform. ##
## --------- ##

hostname = macbookprojv.home
uname -m = x86_64
uname -r = 15.6.0
uname -s = Darwin
uname -v = Darwin Kernel Version 15.6.0: Thu Jun 23 18:25:34 PDT 2016; root:xnu-3248.60.10~1/RELEASE_X86_64

/usr/bin/uname -p = i386
/bin/uname -X     = unknown

/bin/arch              = unknown
/usr/bin/arch -k       = unknown
/usr/convex/getsysinfo = unknown
/usr/bin/hostinfo      = Mach kernel version:
	 Darwin Kernel Version 15.6.0: Thu Jun 23 18:25:34 PDT 2016; root:xnu-3248.60.10~1/RELEASE_X86_64
Kernel configured for up to 4 processors.
2 processors are physically available.
4 processors are logically available.
Processor type: i486 (Intel 80486)
Processors active: 0 1 2 3
Primary memory available: 8.00 gigabytes
Default processor set: 315 tasks, 1328 threads, 4 processors
Load average: 1.54, Mach factor: 2.51
/bin/machine           = unknown
/usr/bin/oslevel       = unknown
/bin/universe          = unknown

PATH: /opt/local/bin
PATH: /opt/local/sbin
PATH: /Library/Frameworks/Python.framework/Versions/Current/bin
PATH: /usr/local/bin
PATH: /System/Library/Frameworks/JavaVM.framework/Versions/1.5/Home/bin
PATH: /usr/bin
PATH: /bin
PATH: /usr/sbin
PATH: /sbin
PATH: /usr/local/bin
PATH: /opt/X11/bin
PATH: /usr/local/MacGPG2/bin


## ----------- ##
## Core tests. ##
## ----------- ##

configure:2132: checking build system type
configure:2146: result: x86_64-apple-darwin15.6.0
configure:2166: checking host system type
configure:2179: result: x86_64-apple-darwin15.6.0
configure:2326: checking for gcc
configure:2342: found /usr/bin/gcc
configure:2353: result: gcc
configure:2582: checking for C compiler version
configure:2591: gcc --version >&5
Apple LLVM version 7.3.0 (clang-703.0.31)
Target: x86_64-apple-darwin15.6.0
Thread model: posix
InstalledDir: /Applications/Xcode.app/Contents/Developer/Toolchains/XcodeDefault.xctoolchain/usr/bin
Configured with: --prefix=/Applications/Xcode.app/Contents/Developer/usr --with-gxx-include-dir=/usr/include/c++/4.2.1
configure:2602: $? = 0
configure:2591: gcc -v >&5
Configured with: --prefix=/Applications/Xcode.app/Contents/Developer/usr --with-gxx-include-dir=/usr/include/c++/4.2.1
Apple LLVM version 7.3.0 (clang-703.0.31)
Target: x86_64-apple-darwin15.6.0
Thread model: posix
InstalledDir: /Applications/Xcode.app/Contents/Developer/Toolchains/XcodeDefault.xctoolchain/usr/bin
configure:2602: $? = 0
configure:2591: gcc -V >&5
clang: error: argument to '-V' is missing (expected 1 value)
clang: error: no input files
configure:2602: $? = 1
configure:2591: gcc -qversion >&5
clang: error: unknown argument: '-qversion'
clang: error: no input files
configure:2602: $? = 1
configure:2622: checking whether the C compiler works
configure:2644: gcc -Wall -Wno-sign-compare -Wno-missing-braces -Wno-parentheses -g  -O2 -fomit-frame-pointer   conftest.c  >&5
configure:2648: $? = 0
configure:2696: result: yes
configure:2699: checking for C compiler default output file name
configure:2701: result: a.out
configure:2707: checking for suffix of executables
configure:2714: gcc -o conftest -Wall -Wno-sign-compare -Wno-missing-braces -Wno-parentheses -g  -O2 -fomit-frame-pointer   conftest.c  >&5
configure:2718: $? = 0
configure:2740: result: 
configure:2762: checking whether we are cross compiling
configure:2770: gcc -o conftest -Wall -Wno-sign-compare -Wno-missing-braces -Wno-parentheses -g  -O2 -fomit-frame-pointer   conftest.c  >&5
configure:2774: $? = 0
configure:2781: ./conftest
configure:2785: $? = 0
configure:2800: result: no
configure:2805: checking for suffix of object files
configure:2827: gcc -c -Wall -Wno-sign-compare -Wno-missing-braces -Wno-parentheses -g  -O2 -fomit-frame-pointer  conftest.c >&5
configure:2831: $? = 0
configure:2852: result: o
configure:2856: checking whether we are using the GNU C compiler
configure:2875: gcc -c -Wall -Wno-sign-compare -Wno-missing-braces -Wno-parentheses -g  -O2 -fomit-frame-pointer  conftest.c >&5
configure:2875: $? = 0
configure:2884: result: yes
configure:2893: checking whether gcc accepts -g
configure:2913: gcc -c -g  conftest.c >&5
configure:2913: $? = 0
configure:2954: result: yes
configure:2971: checking for gcc option to accept ISO C89
configure:3034: gcc  -c -Wall -Wno-sign-compare -Wno-missing-braces -Wno-parentheses -g  -O2 -fomit-frame-pointer  conftest.c >&5
configure:3034: $? = 0
configure:3047: result: none needed
configure:3125: checking for g++
configure:3141: found /usr/bin/g++
configure:3152: result: g++
configure:3179: checking for C++ compiler version
configure:3188: g++ --version >&5
Apple LLVM version 7.3.0 (clang-703.0.31)
Target: x86_64-apple-darwin15.6.0
Thread model: posix
InstalledDir: /Applications/Xcode.app/Contents/Developer/Toolchains/XcodeDefault.xctoolchain/usr/bin
Configured with: --prefix=/Applications/Xcode.app/Contents/Developer/usr --with-gxx-include-dir=/usr/include/c++/4.2.1
configure:3199: $? = 0
configure:3188: g++ -v >&5
Configured with: --prefix=/Applications/Xcode.app/Contents/Developer/usr --with-gxx-include-dir=/usr/include/c++/4.2.1
Apple LLVM version 7.3.0 (clang-703.0.31)
Target: x86_64-apple-darwin15.6.0
Thread model: posix
InstalledDir: /Applications/Xcode.app/Contents/Developer/Toolchains/XcodeDefault.xctoolchain/usr/bin
configure:3199: $? = 0
configure:3188: g++ -V >&5
clang: error: argument to '-V' is missing (expected 1 value)
clang: error: no input files
configure:3199: $? = 1
configure:3188: g++ -qversion >&5
clang: error: unknown argument: '-qversion'
clang: error: no input files
configure:3199: $? = 1
configure:3203: checking whether we are using the GNU C++ compiler
configure:3222: g++ -c -Wall -Wno-sign-compare -Wno-missing-braces -Wno-parentheses -g  -O2 -fomit-frame-pointer  -fno-exceptions -fno-rtti -std=c++0x  conftest.cpp >&5
configure:3222: $? = 0
configure:3231: result: yes
configure:3240: checking whether g++ accepts -g
configure:3260: g++ -c -g  conftest.cpp >&5
configure:3260: $? = 0
configure:3301: result: yes
configure:3338: checking for a BSD-compatible install
configure:3406: result: /usr/bin/install -c
configure:3420: checking for tar
configure:3436: found /usr/bin/tar
configure:3447: result: tar
configure:3457: checking for sfd
configure:3487: result: no
configure:3494: checking for fd2inline
configure:3524: result: no
configure:3531: checking for autodoc
configure:3561: result: no
configure:3573: checking how to run the C preprocessor
configure:3604: gcc -E  conftest.c
configure:3604: $? = 0
configure:3618: gcc -E  conftest.c
conftest.c:9:10: fatal error: 'ac_nonexistent.h' file not found
#include <ac_nonexistent.h>
         ^
1 error generated.
configure:3618: $? = 1
configure: failed program was:
| /* confdefs.h */
| #define PACKAGE_NAME ""
| #define PACKAGE_TARNAME ""
| #define PACKAGE_VERSION ""
| #define PACKAGE_STRING ""
| #define PACKAGE_BUGREPORT ""
| #define PACKAGE_URL ""
| /* end confdefs.h.  */
| #include <ac_nonexistent.h>
configure:3643: result: gcc -E
configure:3663: gcc -E  conftest.c
configure:3663: $? = 0
configure:3677: gcc -E  conftest.c
conftest.c:9:10: fatal error: 'ac_nonexistent.h' file not found
#include <ac_nonexistent.h>
         ^
1 error generated.
configure:3677: $? = 1
configure: failed program was:
| /* confdefs.h */
| #define PACKAGE_NAME ""
| #define PACKAGE_TARNAME ""
| #define PACKAGE_VERSION ""
| #define PACKAGE_STRING ""
| #define PACKAGE_BUGREPORT ""
| #define PACKAGE_URL ""
| /* end confdefs.h.  */
| #include <ac_nonexistent.h>
configure:3706: checking for grep that handles long lines and -e
configure:3764: result: /usr/bin/grep
configure:3769: checking for egrep
configure:3831: result: /usr/bin/grep -E
configure:3836: checking for ANSI C header files
configure:3856: gcc -c -Wall -Wno-sign-compare -Wno-missing-braces -Wno-parentheses -g  -O2 -fomit-frame-pointer  conftest.c >&5
configure:3856: $? = 0
configure:3929: gcc -o conftest -Wall -Wno-sign-compare -Wno-missing-braces -Wno-parentheses -g  -O2 -fomit-frame-pointer   conftest.c  >&5
configure:3929: $? = 0
configure:3929: ./conftest
configure:3929: $? = 0
configure:3940: result: yes
configure:3953: checking for sys/types.h
configure:3953: gcc -c -Wall -Wno-sign-compare -Wno-missing-braces -Wno-parentheses -g  -O2 -fomit-frame-pointer  conftest.c >&5
configure:3953: $? = 0
configure:3953: result: yes
configure:3953: checking for sys/stat.h
configure:3953: gcc -c -Wall -Wno-sign-compare -Wno-missing-braces -Wno-parentheses -g  -O2 -fomit-frame-pointer  conftest.c >&5
configure:3953: $? = 0
configure:3953: result: yes
configure:3953: checking for stdlib.h
configure:3953: gcc -c -Wall -Wno-sign-compare -Wno-missing-braces -Wno-parentheses -g  -O2 -fomit-frame-pointer  conftest.c >&5
configure:3953: $? = 0
configure:3953: result: yes
configure:3953: checking for string.h
configure:3953: gcc -c -Wall -Wno-sign-compare -Wno-missing-braces -Wno-parentheses -g  -O2 -fomit-frame-pointer  conftest.c >&5
configure:3953: $? = 0
configure:3953: result: yes
configure:3953: checking for memory.h
configure:3953: gcc -c -Wall -Wno-sign-compare -Wno-missing-braces -Wno-parentheses -g  -O2 -fomit-frame-pointer  conftest.c >&5
configure:3953: $? = 0
configure:3953: result: yes
configure:3953: checking for strings.h
configure:3953: gcc -c -Wall -Wno-sign-compare -Wno-missing-braces -Wno-parentheses -g  -O2 -fomit-frame-pointer  conftest.c >&5
configure:3953: $? = 0
configure:3953: result: yes
configure:3953: checking for inttypes.h
configure:3953: gcc -c -Wall -Wno-sign-compare -Wno-missing-braces -Wno-parentheses -g  -O2 -fomit-frame-pointer  conftest.c >&5
configure:3953: $? = 0
configure:3953: result: yes
configure:3953: checking for stdint.h
configure:3953: gcc -c -Wall -Wno-sign-compare -Wno-missing-braces -Wno-parentheses -g  -O2 -fomit-frame-pointer  conftest.c >&5
configure:3953: $? = 0
configure:3953: result: yes
configure:3953: checking for unistd.h
configure:3953: gcc -c -Wall -Wno-sign-compare -Wno-missing-braces -Wno-parentheses -g  -O2 -fomit-frame-pointer  conftest.c >&5
configure:3953: $? = 0
configure:3953: result: yes
configure:3965: checking dirent.h usability
configure:3965: gcc -c -Wall -Wno-sign-compare -Wno-missing-braces -Wno-parentheses -g  -O2 -fomit-frame-pointer  conftest.c >&5
configure:3965: $? = 0
configure:3965: result: yes
configure:3965: checking dirent.h presence
configure:3965: gcc -E  conftest.c
configure:3965: $? = 0
configure:3965: result: yes
configure:3965: checking for dirent.h
configure:3965: result: yes
configure:3971: checking for struct dirent.d_type
configure:3971: gcc -c -Wall -Wno-sign-compare -Wno-missing-braces -Wno-parentheses -g  -O2 -fomit-frame-pointer  conftest.c >&5
configure:3971: $? = 0
configure:3971: result: yes
configure:3983: checking whether byte ordering is bigendian
configure:3998: gcc -c -Wall -Wno-sign-compare -Wno-missing-braces -Wno-parentheses -g  -O2 -fomit-frame-pointer  conftest.c >&5
configure:3998: $? = 0
configure:4043: gcc -c -Wall -Wno-sign-compare -Wno-missing-braces -Wno-parentheses -g  -O2 -fomit-frame-pointer  conftest.c >&5
configure:4043: $? = 0
configure:4061: gcc -c -Wall -Wno-sign-compare -Wno-missing-braces -Wno-parentheses -g  -O2 -fomit-frame-pointer  conftest.c >&5
conftest.c:27:4: error: use of undeclared identifier 'not'
                 not big endian
                 ^
1 error generated.
configure:4061: $? = 1
configure: failed program was:
| /* confdefs.h */
| #define PACKAGE_NAME ""
| #define PACKAGE_TARNAME ""
| #define PACKAGE_VERSION ""
| #define PACKAGE_STRING ""
| #define PACKAGE_BUGREPORT ""
| #define PACKAGE_URL ""
| #define STDC_HEADERS 1
| #define HAVE_SYS_TYPES_H 1
| #define HAVE_SYS_STAT_H 1
| #define HAVE_STDLIB_H 1
| #define HAVE_STRING_H 1
| #define HAVE_MEMORY_H 1
| #define HAVE_STRINGS_H 1
| #define HAVE_INTTYPES_H 1
| #define HAVE_STDINT_H 1
| #define HAVE_UNISTD_H 1
| #define HAVE_STRUCT_DIRENT_D_TYPE 1
| /* end confdefs.h.  */
| #include <sys/types.h>
| 		#include <sys/param.h>
| 
| int
| main ()
| {
| #if BYTE_ORDER != BIG_ENDIAN
| 		 not big endian
| 		#endif
| 
|   ;
|   return 0;
| }
configure:4189: result: no
configure:4325: creating ./config.status

## ---------------------- ##
## Running config.status. ##
## ---------------------- ##

This file was extended by config.status, which was
generated by GNU Autoconf 2.69.  Invocation command line was

  CONFIG_FILES    = 
  CONFIG_HEADERS  = 
  CONFIG_LINKS    = 
  CONFIG_COMMANDS = 
  $ ./config.status 

on macbookprojv.home

config.status:828: creating Makefile
config.status:828: creating config.h

## ---------------- ##
## Cache variables. ##
## ---------------- ##

ac_cv_build=x86_64-apple-darwin15.6.0
ac_cv_c_bigendian=no
ac_cv_c_compiler_gnu=yes
ac_cv_cxx_compiler_gnu=yes
ac_cv_env_CCC_set=
ac_cv_env_CCC_value=
ac_cv_env_CC_set=
ac_cv_env_CC_value=
ac_cv_env_CFLAGS_set=
ac_cv_env_CFLAGS_value=
ac_cv_env_CPPFLAGS_set=
ac_cv_env_CPPFLAGS_value=
ac_cv_env_CPP_set=
ac_cv_env_CPP_value=
ac_cv_env_CXXFLAGS_set=
ac_cv_env_CXXFLAGS_value=
ac_cv_env_CXX_set=
ac_cv_env_CXX_value=
ac_cv_env_LDFLAGS_set=
ac_cv_env_LDFLAGS_value=
ac_cv_env_LIBS_set=
ac_cv_env_LIBS_value=
ac_cv_env_build_alias_set=
ac_cv_env_build_alias_value=
ac_cv_env_host_alias_set=
ac_cv_env_host_alias_value=
ac_cv_env_target_alias_set=
ac_cv_env_target_alias_value=
ac_cv_header_dirent_h=yes
ac_cv_header_inttypes_h=yes
ac_cv_header_memory_h=yes
ac_cv_header_stdc=yes
ac_cv_header_stdint_h=yes
ac_cv_header_stdlib_h=yes
ac_cv_header_string_h=yes
ac_cv_header_strings_h=yes
ac_cv_header_sys_stat_h=yes
ac_cv_header_sys_types_h=yes
ac_cv_header_unistd_h=yes
ac_cv_host=x86_64-apple-darwin15.6.0
ac_cv_member_struct_dirent_d_type=yes
ac_cv_objext=o
ac_cv_path_EGREP='/usr/bin/grep -E'
ac_cv_path_GREP=/usr/bin/grep
ac_cv_path_install='/usr/bin/install -c'
ac_cv_prog_CPP='gcc -E'
ac_cv_prog_TAR=tar
ac_cv_prog_ac_ct_CC=gcc
ac_cv_prog_ac_ct_CXX=g++
ac_cv_prog_cc_c89=
ac_cv_prog_cc_g=yes
ac_cv_prog_cxx_g=yes

## ----------------- ##
## Output variables. ##
## ----------------- ##

AUTODOC=''
AUTODOCS=''
CC='gcc'
CFLAGS='-Wall -Wno-sign-compare -Wno-missing-braces -Wno-parentheses -g  -O2 -fomit-frame-pointer'
CPP='gcc -E'
CPPFLAGS=''
CXX='g++'
CXXFLAGS='-Wall -Wno-sign-compare -Wno-missing-braces -Wno-parentheses -g  -O2 -fomit-frame-pointer  -fno-exceptions -fno-rtti -std=c++0x'
DEFS='-DHAVE_CONFIG_H'
ECHO_C='\c'
ECHO_N=''
ECHO_T=''
EGREP='/usr/bin/grep -E'
EXEEXT=''
EXTRA_LIBS='../libcapsimage.dylib'
EXTRA_OBJECTS=''
FD2INLINE=''
GCCHEADERS=''
GREP='/usr/bin/grep'
INSTALL_DATA='${INSTALL} -m 644'
INSTALL_PROGRAM='${INSTALL}'
INSTALL_SCRIPT='${INSTALL}'
LDFLAGS=''
LIBOBJS=''
LIBRARY='libcapsimage.dylib'
LIBS=''
LIB_CFLAGS=''
LIB_LDFLAGS=' -shared'
LIB_LIBS=''
LTLIBOBJS=''
OBJEXT='o'
PACKAGE='capsimage'
PACKAGE_BUGREPORT=''
PACKAGE_NAME=''
PACKAGE_STRING=''
PACKAGE_TARNAME=''
PACKAGE_URL=''
PACKAGE_VERSION=''
PATH_SEPARATOR=':'
PICFLAGS='-fPIC'
SFD=''
SHELL='/bin/sh'
STDHEADERS=''
TAR='tar'
ac_ct_CC='gcc'
ac_ct_CXX='g++'
bindir='${exec_prefix}/bin'
build='x86_64-apple-darwin15.6.0'
build_alias=''
build_cpu='x86_64'
build_os='darwin15.6.0'
build_vendor='apple'
datadir='${datarootdir}'
datarootdir='${prefix}/share'
docdir='${datarootdir}/doc/${PACKAGE}'
dvidir='${docdir}'
exec_prefix='${prefix}'
host='x86_64-apple-darwin15.6.0'
host_alias=''
host_cpu='x86_64'
host_os='darwin15.6.0'
host_vendor='apple'
htmldir='${docdir}'
includedir='${prefix}/include'
infodir='${datarootdir}/info'
libdir='${exec_prefix}/lib'
libexecdir='${exec_prefix}/libexec'
localedir='${datarootdir}/locale'
localstatedir='${prefix}/var'
mandir='${datarootdir}/man'
oldincludedir='/usr/include'
pdfdir='${docdir}'
prefix='/usr/local'
program_transform_name='s,x,x,'
psdir='${docdir}'
sbindir='${exec_prefix}/sbin'
sharedstatedir='${prefix}/com'
sysconfdir='${prefix}/etc'
target_alias=''

## ----------- ##
## confdefs.h. ##
## ----------- ##

/* confdefs.h */
#define PACKAGE_NAME ""
#define PACKAGE_TARNAME ""
#define PACKAGE_VERSION ""
#define PACKAGE_STRING ""
#define PACKAGE_BUGREPORT ""
#define PACKAGE_URL ""
#define STDC_HEADERS 1
#define HAVE_SYS_TYPES_H 1
#define HAVE_SYS_STAT_H 1
#define HAVE_STDLIB_H 1
#define HAVE_STRING_H 1
#define HAVE_MEMORY_H 1
#define HAVE_STRINGS_H 1
#define HAVE_INTTYPES_H 1
#define HAVE_STDINT_H 1
#define HAVE_UNISTD_H 1
#define HAVE_STRUCT_DIRENT_D_TYPE 1

configure: exit 0
